1555188331720	geckodriver	INFO	Listening on 127.0.0.1:46799
1555188334417	geckodriver::marionette	INFO	Starting browser /usr/bin/firefox with args ["-marionette"]
1555188341236	Marionette	INFO	Listening on port 44379
1555188341940	Marionette	WARN	TLS certificate errors will be ignored for this session
Xlib:  extension "XInputExtension" missing on display ":1.0".
Xlib:  extension "XInputExtension" missing on display ":1.0".
Xlib:  extension "XInputExtension" missing on display ":1.0".
Xlib:  extension "XInputExtension" missing on display ":1.0".
Xlib:  extension "XInputExtension" missing on display ":1.0".
Xlib:  extension "XInputExtension" missing on display ":1.0".
Xlib:  extension "XInputExtension" missing on display ":1.0".
Xlib:  extension "XInputExtension" missing on display ":1.0".
Xlib:  extension "XInputExtension" missing on display ":1.0".
Xlib:  extension "XInputExtension" missing on display ":1.0".
Xlib:  extension "XInputExtension" missing on display ":1.0".
Xlib:  extension "XInputExtension" missing on display ":1.0".
Xlib:  extension "XInputExtension" missing on display ":1.0".
Xlib:  extension "XInputExtension" missing on display ":1.0".
Xlib:  extension "XInputExtension" missing on display ":1.0".
Xlib:  extension "XInputExtension" missing on display ":1.0".
Xlib:  extension "XInputExtension" missing on display ":1.0".
Xlib:  extension "XInputExtension" missing on display ":1.0".
Xlib:  extension "XInputExtension" missing on display ":1.0".
Xlib:  extension "XInputExtension" missing on display ":1.0".
Xlib:  extension "XInputExtension" missing on display ":1.0".
Xlib:  extension "XInputExtension" missing on display ":1.0".
Xlib:  extension "XInputExtension" missing on display ":1.0".
Xlib:  extension "XInputExtension" missing on display ":1.0".
Xlib:  extension "XInputExtension" missing on display ":1.0".
Xlib:  extension "XInputExtension" missing on display ":1.0".
Xlib:  extension "XInputExtension" missing on display ":1.0".
Xlib:  extension "XInputExtension" missing on display ":1.0".
Xlib:  extension "XInputExtension" missing on display ":1.0".
Xlib:  extension "XInputExtension" missing on display ":1.0".
Xlib:  extension "XInputExtension" missing on display ":1.0".
Xlib:  extension "XInputExtension" missing on display ":1.0".
Xlib:  extension "XInputExtension" missing on display ":1.0".
Xlib:  extension "XInputExtension" missing on display ":1.0".
Xlib:  extension "XInputExtension" missing on display ":1.0".
Xlib:  extension "XInputExtension" missing on display ":1.0".
Xlib:  extension "XInputExtension" missing on display ":1.0".
Xlib:  extension "XInputExtension" missing on display ":1.0".
Xlib:  extension "XInputExtension" missing on display ":1.0".
Xlib:  extension "XInputExtension" missing on display ":1.0".
Xlib:  extension "XInputExtension" missing on display ":1.0".
Xlib:  extension "XInputExtension" missing on display ":1.0".
Xlib:  extension "XInputExtension" missing on display ":1.0".
Xlib:  extension "XInputExtension" missing on display ":1.0".
Xlib:  extension "XInputExtension" missing on display ":1.0".
Xlib:  extension "XInputExtension" missing on display ":1.0".
Xlib:  extension "XInputExtension" missing on display ":1.0".
Xlib:  extension "XInputExtension" missing on display ":1.0".
Xlib:  extension "XInputExtension" missing on display ":1.0".
Xlib:  extension "XInputExtension" missing on display ":1.0".
Xlib:  extension "XInputExtension" missing on display ":1.0".
Xlib:  extension "XInputExtension" missing on display ":1.0".
1555188544855	geckodriver	INFO	Listening on 127.0.0.1:43621
1555188546485	geckodriver::marionette	INFO	Starting browser /usr/bin/firefox with args ["-marionette"]
1555188551204	Marionette	INFO	Listening on port 41127
1555188551682	Marionette	WARN	TLS certificate errors will be ignored for this session
Xlib:  extension "XInputExtension" missing on display ":1.0".
Xlib:  extension "XInputExtension" missing on display ":1.0".
Xlib:  extension "XInputExtension" missing on display ":1.0".
Xlib:  extension "XInputExtension" missing on display ":1.0".
Xlib:  extension "XInputExtension" missing on display ":1.0".
Xlib:  extension "XInputExtension" missing on display ":1.0".
Xlib:  extension "XInputExtension" missing on display ":1.0".
Xlib:  extension "XInputExtension" missing on display ":1.0".
Xlib:  extension "XInputExtension" missing on display ":1.0".
Xlib:  extension "XInputExtension" missing on display ":1.0".
Xlib:  extension "XInputExtension" missing on display ":1.0".
Xlib:  extension "XInputExtension" missing on display ":1.0".
Xlib:  extension "XInputExtension" missing on display ":1.0".
Xlib:  extension "XInputExtension" missing on display ":1.0".
Xlib:  extension "XInputExtension" missing on display ":1.0".
Xlib:  extension "XInputExtension" missing on display ":1.0".
Xlib:  extension "XInputExtension" missing on display ":1.0".
Xlib:  extension "XInputExtension" missing on display ":1.0".
Xlib:  extension "XInputExtension" missing on display ":1.0".
Xlib:  extension "XInputExtension" missing on display ":1.0".
Xlib:  extension "XInputExtension" missing on display ":1.0".
Xlib:  extension "XInputExtension" missing on display ":1.0".
Xlib:  extension "XInputExtension" missing on display ":1.0".
Xlib:  extension "XInputExtension" missing on display ":1.0".
Xlib:  extension "XInputExtension" missing on display ":1.0".
Xlib:  extension "XInputExtension" missing on display ":1.0".
Xlib:  extension "XInputExtension" missing on display ":1.0".
Xlib:  extension "XInputExtension" missing on display ":1.0".
Xlib:  extension "XInputExtension" missing on display ":1.0".
Xlib:  extension "XInputExtension" missing on display ":1.0".
Xlib:  extension "XInputExtension" missing on display ":1.0".
Xlib:  extension "XInputExtension" missing on display ":1.0".
Xlib:  extension "XInputExtension" missing on display ":1.0".
Xlib:  extension "XInputExtension" missing on display ":1.0".
Xlib:  extension "XInputExtension" missing on display ":1.0".
Xlib:  extension "XInputExtension" missing on display ":1.0".
Xlib:  extension "XInputExtension" missing on display ":1.0".
Xlib:  extension "XInputExtension" missing on display ":1.0".
Xlib:  extension "XInputExtension" missing on display ":1.0".
Xlib:  extension "XInputExtension" missing on display ":1.0".
Xlib:  extension "XInputExtension" missing on display ":1.0".
Xlib:  extension "XInputExtension" missing on display ":1.0".
Xlib:  extension "XInputExtension" missing on display ":1.0".
Xlib:  extension "XInputExtension" missing on display ":1.0".
Xlib:  extension "XInputExtension" missing on display ":1.0".
Xlib:  extension "XInputExtension" missing on display ":1.0".
Xlib:  extension "XInputExtension" missing on display ":1.0".
Xlib:  extension "XInputExtension" missing on display ":1.0".
Xlib:  extension "XInputExtension" missing on display ":1.0".
Xlib:  extension "XInputExtension" missing on display ":1.0".
Xlib:  extension "XInputExtension" missing on display ":1.0".
Xlib:  extension "XInputExtension" missing on display ":1.0".
Xlib:  extension "XInputExtension" missing on display ":1.0".
Xlib:  extension "XInputExtension" missing on display ":1.0".
Xlib:  extension "XInputExtension" missing on display ":1.0".
Xlib:  extension "XInputExtension" missing on display ":1.0".
Xlib:  extension "XInputExtension" missing on display ":1.0".
Xlib:  extension "XInputExtension" missing on display ":1.0".
Xlib:  extension "XInputExtension" missing on display ":1.0".
Xlib:  extension "XInputExtension" missing on display ":1.0".
Xlib:  extension "XInputExtension" missing on display ":1.0".
Xlib:  extension "XInputExtension" missing on display ":1.0".
Xlib:  extension "XInputExtension" missing on display ":1.0".
Xlib:  extension "XInputExtension" missing on display ":1.0".
Xlib:  extension "XInputExtension" missing on display ":1.0".
Xlib:  extension "XInputExtension" missing on display ":1.0".
Xlib:  extension "XInputExtension" missing on display ":1.0".
Xlib:  extension "XInputExtension" missing on display ":1.0".
Xlib:  extension "XInputExtension" missing on display ":1.0".
Xlib:  extension "XInputExtension" missing on display ":1.0".
Xlib:  extension "XInputExtension" missing on display ":1.0".
Xlib:  extension "XInputExtension" missing on display ":1.0".
Xlib:  extension "XInputExtension" missing on display ":1.0".
Xlib:  extension "XInputExtension" missing on display ":1.0".
Xlib:  extension "XInputExtension" missing on display ":1.0".
Xlib:  extension "XInputExtension" missing on display ":1.0".
Xlib:  extension "XInputExtension" missing on display ":1.0".
Xlib:  extension "XInputExtension" missing on display ":1.0".
Xlib:  extension "XInputExtension" missing on display ":1.0".
Xlib:  extension "XInputExtension" missing on display ":1.0".
Xlib:  extension "XInputExtension" missing on display ":1.0".
Xlib:  extension "XInputExtension" missing on display ":1.0".
Xlib:  extension "XInputExtension" missing on display ":1.0".
Xlib:  extension "XInputExtension" missing on display ":1.0".
Xlib:  extension "XInputExtension" missing on display ":1.0".
1555188801358	geckodriver	INFO	Listening on 127.0.0.1:38767
1555188802942	geckodriver::marionette	INFO	Starting browser /usr/bin/firefox with args ["-marionette"]
1555188808712	Marionette	INFO	Listening on port 43783
1555188809356	Marionette	WARN	TLS certificate errors will be ignored for this session
Xlib:  extension "XInputExtension" missing on display ":1.0".
Xlib:  extension "XInputExtension" missing on display ":1.0".
Xlib:  extension "XInputExtension" missing on display ":1.0".
Xlib:  extension "XInputExtension" missing on display ":1.0".
Xlib:  extension "XInputExtension" missing on display ":1.0".
Xlib:  extension "XInputExtension" missing on display ":1.0".
Xlib:  extension "XInputExtension" missing on display ":1.0".
Xlib:  extension "XInputExtension" missing on display ":1.0".
Xlib:  extension "XInputExtension" missing on display ":1.0".
Xlib:  extension "XInputExtension" missing on display ":1.0".
Xlib:  extension "XInputExtension" missing on display ":1.0".
Xlib:  extension "XInputExtension" missing on display ":1.0".
Xlib:  extension "XInputExtension" missing on display ":1.0".
Xlib:  extension "XInputExtension" missing on display ":1.0".
Xlib:  extension "XInputExtension" missing on display ":1.0".
Xlib:  extension "XInputExtension" missing on display ":1.0".
Xlib:  extension "XInputExtension" missing on display ":1.0".
Xlib:  extension "XInputExtension" missing on display ":1.0".
Xlib:  extension "XInputExtension" missing on display ":1.0".
Xlib:  extension "XInputExtension" missing on display ":1.0".
Xlib:  extension "XInputExtension" missing on display ":1.0".
Xlib:  extension "XInputExtension" missing on display ":1.0".
Xlib:  extension "XInputExtension" missing on display ":1.0".
Xlib:  extension "XInputExtension" missing on display ":1.0".
Xlib:  extension "XInputExtension" missing on display ":1.0".
Xlib:  extension "XInputExtension" missing on display ":1.0".
Xlib:  extension "XInputExtension" missing on display ":1.0".
Xlib:  extension "XInputExtension" missing on display ":1.0".
Xlib:  extension "XInputExtension" missing on display ":1.0".
Xlib:  extension "XInputExtension" missing on display ":1.0".
Xlib:  extension "XInputExtension" missing on display ":1.0".
Xlib:  extension "XInputExtension" missing on display ":1.0".
Xlib:  extension "XInputExtension" missing on display ":1.0".
Xlib:  extension "XInputExtension" missing on display ":1.0".
Xlib:  extension "XInputExtension" missing on display ":1.0".
Xlib:  extension "XInputExtension" missing on display ":1.0".
Xlib:  extension "XInputExtension" missing on display ":1.0".
Xlib:  extension "XInputExtension" missing on display ":1.0".
Xlib:  extension "XInputExtension" missing on display ":1.0".
1555188964563	geckodriver	INFO	Listening on 127.0.0.1:43637
1555188966213	geckodriver::marionette	INFO	Starting browser /usr/bin/firefox with args ["-marionette"]
Xlib:  extension "XInputExtension" missing on display ":1.0".
Xlib:  extension "XInputExtension" missing on display ":1.0".
1555188971076	Marionette	INFO	Listening on port 33061
1555188971790	Marionette	WARN	TLS certificate errors will be ignored for this session
Xlib:  extension "XInputExtension" missing on display ":1.0".
Xlib:  extension "XInputExtension" missing on display ":1.0".
Xlib:  extension "XInputExtension" missing on display ":1.0".
Xlib:  extension "XInputExtension" missing on display ":1.0".
